AH00558: apache2: Could not reliably determine the server's fully qualified domain name, using 172.31.0.3. Set the 'ServerName' directive globally to suppress this message
[Mon Jun 05 15:32:40.076341 2023] [mpm_prefork:notice] [pid 1] AH00163: Apache/2.4.56 (Debian) OpenSSL/1.1.1n configured -- resuming normal operations
[Mon Jun 05 15:32:40.076393 2023] [core:notice] [pid 1] AH00094: Command line: '/usr/sbin/apache2 -D FOREGROUND'
[Mon Jun 05 17:34:32.808990 2023] [core:warn] [pid 1] AH00045: child process 21 still did not exit, sending a SIGTERM
[Mon Jun 05 17:34:32.809574 2023] [core:warn] [pid 1] AH00045: child process 22 still did not exit, sending a SIGTERM
[Mon Jun 05 17:34:32.809581 2023] [core:warn] [pid 1] AH00045: child process 23 still did not exit, sending a SIGTERM
[Mon Jun 05 17:34:32.809583 2023] [core:warn] [pid 1] AH00045: child process 24 still did not exit, sending a SIGTERM
[Mon Jun 05 17:34:32.809586 2023] [core:warn] [pid 1] AH00045: child process 25 still did not exit, sending a SIGTERM
[Mon Jun 05 17:34:32.809589 2023] [core:warn] [pid 1] AH00045: child process 26 still did not exit, sending a SIGTERM
[Mon Jun 05 17:34:34.811678 2023] [core:warn] [pid 1] AH00045: child process 21 still did not exit, sending a SIGTERM
[Mon Jun 05 17:34:34.811714 2023] [core:warn] [pid 1] AH00045: child process 22 still did not exit, sending a SIGTERM
[Mon Jun 05 17:34:34.811730 2023] [core:warn] [pid 1] AH00045: child process 23 still did not exit, sending a SIGTERM
[Mon Jun 05 17:34:34.811732 2023] [core:warn] [pid 1] AH00045: child process 24 still did not exit, sending a SIGTERM
[Mon Jun 05 17:34:34.811735 2023] [core:warn] [pid 1] AH00045: child process 25 still did not exit, sending a SIGTERM
[Mon Jun 05 17:34:34.811738 2023] [core:warn] [pid 1] AH00045: child process 26 still did not exit, sending a SIGTERM
[Mon Jun 05 17:34:36.813860 2023] [core:warn] [pid 1] AH00045: child process 21 still did not exit, sending a SIGTERM
[Mon Jun 05 17:34:36.813911 2023] [core:warn] [pid 1] AH00045: child process 22 still did not exit, sending a SIGTERM
[Mon Jun 05 17:34:36.813914 2023] [core:warn] [pid 1] AH00045: child process 23 still did not exit, sending a SIGTERM
[Mon Jun 05 17:34:36.813916 2023] [core:warn] [pid 1] AH00045: child process 24 still did not exit, sending a SIGTERM
[Mon Jun 05 17:34:36.813919 2023] [core:warn] [pid 1] AH00045: child process 25 still did not exit, sending a SIGTERM
[Mon Jun 05 17:34:36.813922 2023] [core:warn] [pid 1] AH00045: child process 26 still did not exit, sending a SIGTERM
[Mon Jun 05 17:34:38.816056 2023] [core:error] [pid 1] AH00046: child process 21 still did not exit, sending a SIGKILL
[Mon Jun 05 17:34:38.816117 2023] [core:error] [pid 1] AH00046: child process 22 still did not exit, sending a SIGKILL
[Mon Jun 05 17:34:38.816127 2023] [core:error] [pid 1] AH00046: child process 23 still did not exit, sending a SIGKILL
[Mon Jun 05 17:34:38.816135 2023] [core:error] [pid 1] AH00046: child process 24 still did not exit, sending a SIGKILL
[Mon Jun 05 17:34:38.816142 2023] [core:error] [pid 1] AH00046: child process 25 still did not exit, sending a SIGKILL
[Mon Jun 05 17:34:38.816151 2023] [core:error] [pid 1] AH00046: child process 26 still did not exit, sending a SIGKILL
AH00558: apache2: Could not reliably determine the server's fully qualified domain name, using 172.18.0.2. Set the 'ServerName' directive globally to suppress this message
[Mon Jun 05 17:34:40.665776 2023] [mpm_prefork:notice] [pid 1] AH00163: Apache/2.4.56 (Debian) OpenSSL/1.1.1n configured -- resuming normal operations
[Mon Jun 05 17:34:40.665823 2023] [core:notice] [pid 1] AH00094: Command line: '/usr/sbin/apache2 -D FOREGROUND'
[Tue Jun 06 08:34:11.440127 2023] [core:warn] [pid 1] AH00045: child process 11 still did not exit, sending a SIGTERM
[Tue Jun 06 08:34:11.440237 2023] [core:warn] [pid 1] AH00045: child process 12 still did not exit, sending a SIGTERM
[Tue Jun 06 08:34:11.440239 2023] [core:warn] [pid 1] AH00045: child process 13 still did not exit, sending a SIGTERM
[Tue Jun 06 08:34:11.440242 2023] [core:warn] [pid 1] AH00045: child process 14 still did not exit, sending a SIGTERM
[Tue Jun 06 08:34:11.440269 2023] [core:warn] [pid 1] AH00045: child process 15 still did not exit, sending a SIGTERM
[Tue Jun 06 08:34:11.440272 2023] [core:warn] [pid 1] AH00045: child process 16 still did not exit, sending a SIGTERM
[Tue Jun 06 08:34:11.440274 2023] [core:warn] [pid 1] AH00045: child process 17 still did not exit, sending a SIGTERM
[Tue Jun 06 08:34:13.442393 2023] [core:warn] [pid 1] AH00045: child process 11 still did not exit, sending a SIGTERM
[Tue Jun 06 08:34:13.442442 2023] [core:warn] [pid 1] AH00045: child process 12 still did not exit, sending a SIGTERM
[Tue Jun 06 08:34:13.442445 2023] [core:warn] [pid 1] AH00045: child process 13 still did not exit, sending a SIGTERM
[Tue Jun 06 08:34:13.442448 2023] [core:warn] [pid 1] AH00045: child process 14 still did not exit, sending a SIGTERM
[Tue Jun 06 08:34:13.442452 2023] [core:warn] [pid 1] AH00045: child process 15 still did not exit, sending a SIGTERM
[Tue Jun 06 08:34:13.442454 2023] [core:warn] [pid 1] AH00045: child process 16 still did not exit, sending a SIGTERM
[Tue Jun 06 08:34:13.442457 2023] [core:warn] [pid 1] AH00045: child process 17 still did not exit, sending a SIGTERM
[Tue Jun 06 08:34:15.444537 2023] [core:warn] [pid 1] AH00045: child process 11 still did not exit, sending a SIGTERM
[Tue Jun 06 08:34:15.444569 2023] [core:warn] [pid 1] AH00045: child process 12 still did not exit, sending a SIGTERM
[Tue Jun 06 08:34:15.444572 2023] [core:warn] [pid 1] AH00045: child process 13 still did not exit, sending a SIGTERM
[Tue Jun 06 08:34:15.444574 2023] [core:warn] [pid 1] AH00045: child process 14 still did not exit, sending a SIGTERM
[Tue Jun 06 08:34:15.444576 2023] [core:warn] [pid 1] AH00045: child process 15 still did not exit, sending a SIGTERM
[Tue Jun 06 08:34:15.444579 2023] [core:warn] [pid 1] AH00045: child process 16 still did not exit, sending a SIGTERM
[Tue Jun 06 08:34:15.444581 2023] [core:warn] [pid 1] AH00045: child process 17 still did not exit, sending a SIGTERM
[Tue Jun 06 08:34:17.446843 2023] [core:error] [pid 1] AH00046: child process 11 still did not exit, sending a SIGKILL
[Tue Jun 06 08:34:17.446899 2023] [core:error] [pid 1] AH00046: child process 12 still did not exit, sending a SIGKILL
[Tue Jun 06 08:34:17.446908 2023] [core:error] [pid 1] AH00046: child process 13 still did not exit, sending a SIGKILL
[Tue Jun 06 08:34:17.446916 2023] [core:error] [pid 1] AH00046: child process 14 still did not exit, sending a SIGKILL
[Tue Jun 06 08:34:17.446923 2023] [core:error] [pid 1] AH00046: child process 15 still did not exit, sending a SIGKILL
[Tue Jun 06 08:34:17.446931 2023] [core:error] [pid 1] AH00046: child process 16 still did not exit, sending a SIGKILL
[Tue Jun 06 08:34:17.446939 2023] [core:error] [pid 1] AH00046: child process 17 still did not exit, sending a SIGKILL
AH00558: apache2: Could not reliably determine the server's fully qualified domain name, using 192.168.0.5. Set the 'ServerName' directive globally to suppress this message
[Tue Jun 06 08:34:19.234662 2023] [mpm_prefork:notice] [pid 1] AH00163: Apache/2.4.56 (Debian) OpenSSL/1.1.1n configured -- resuming normal operations
[Tue Jun 06 08:34:19.234712 2023] [core:notice] [pid 1] AH00094: Command line: '/usr/sbin/apache2 -D FOREGROUND'
[Tue Jun 06 08:41:35.404849 2023] [core:warn] [pid 1] AH00045: child process 11 still did not exit, sending a SIGTERM
[Tue Jun 06 08:41:35.405008 2023] [core:warn] [pid 1] AH00045: child process 12 still did not exit, sending a SIGTERM
[Tue Jun 06 08:41:35.405018 2023] [core:warn] [pid 1] AH00045: child process 13 still did not exit, sending a SIGTERM
[Tue Jun 06 08:41:35.405025 2023] [core:warn] [pid 1] AH00045: child process 14 still did not exit, sending a SIGTERM
[Tue Jun 06 08:41:35.405033 2023] [core:warn] [pid 1] AH00045: child process 15 still did not exit, sending a SIGTERM
[Tue Jun 06 08:41:35.405041 2023] [core:warn] [pid 1] AH00045: child process 16 still did not exit, sending a SIGTERM
[Tue Jun 06 08:41:37.406324 2023] [core:warn] [pid 1] AH00045: child process 11 still did not exit, sending a SIGTERM
[Tue Jun 06 08:41:37.406374 2023] [core:warn] [pid 1] AH00045: child process 12 still did not exit, sending a SIGTERM
[Tue Jun 06 08:41:37.406376 2023] [core:warn] [pid 1] AH00045: child process 13 still did not exit, sending a SIGTERM
[Tue Jun 06 08:41:37.406378 2023] [core:warn] [pid 1] AH00045: child process 14 still did not exit, sending a SIGTERM
[Tue Jun 06 08:41:37.406381 2023] [core:warn] [pid 1] AH00045: child process 15 still did not exit, sending a SIGTERM
[Tue Jun 06 08:41:37.406384 2023] [core:warn] [pid 1] AH00045: child process 16 still did not exit, sending a SIGTERM
[Tue Jun 06 08:41:39.408486 2023] [core:warn] [pid 1] AH00045: child process 11 still did not exit, sending a SIGTERM
[Tue Jun 06 08:41:39.408528 2023] [core:warn] [pid 1] AH00045: child process 12 still did not exit, sending a SIGTERM
[Tue Jun 06 08:41:39.408532 2023] [core:warn] [pid 1] AH00045: child process 13 still did not exit, sending a SIGTERM
[Tue Jun 06 08:41:39.408535 2023] [core:warn] [pid 1] AH00045: child process 14 still did not exit, sending a SIGTERM
[Tue Jun 06 08:41:39.408538 2023] [core:warn] [pid 1] AH00045: child process 15 still did not exit, sending a SIGTERM
[Tue Jun 06 08:41:39.408541 2023] [core:warn] [pid 1] AH00045: child process 16 still did not exit, sending a SIGTERM
[Tue Jun 06 08:41:41.410635 2023] [core:error] [pid 1] AH00046: child process 11 still did not exit, sending a SIGKILL
[Tue Jun 06 08:41:41.410675 2023] [core:error] [pid 1] AH00046: child process 12 still did not exit, sending a SIGKILL
[Tue Jun 06 08:41:41.410678 2023] [core:error] [pid 1] AH00046: child process 13 still did not exit, sending a SIGKILL
[Tue Jun 06 08:41:41.410680 2023] [core:error] [pid 1] AH00046: child process 14 still did not exit, sending a SIGKILL
[Tue Jun 06 08:41:41.410682 2023] [core:error] [pid 1] AH00046: child process 15 still did not exit, sending a SIGKILL
[Tue Jun 06 08:41:41.410685 2023] [core:error] [pid 1] AH00046: child process 16 still did not exit, sending a SIGKILL
AH00558: apache2: Could not reliably determine the server's fully qualified domain name, using 192.168.0.5. Set the 'ServerName' directive globally to suppress this message
[Tue Jun 06 08:44:57.493834 2023] [mpm_prefork:notice] [pid 1] AH00163: Apache/2.4.56 (Debian) OpenSSL/1.1.1n configured -- resuming normal operations
[Tue Jun 06 08:44:57.493901 2023] [core:notice] [pid 1] AH00094: Command line: '/usr/sbin/apache2 -D FOREGROUND'
[Tue Jun 06 09:04:54.656801 2023] [core:warn] [pid 1] AH00045: child process 11 still did not exit, sending a SIGTERM
[Tue Jun 06 09:04:54.656864 2023] [core:warn] [pid 1] AH00045: child process 12 still did not exit, sending a SIGTERM
[Tue Jun 06 09:04:54.656867 2023] [core:warn] [pid 1] AH00045: child process 13 still did not exit, sending a SIGTERM
[Tue Jun 06 09:04:54.656869 2023] [core:warn] [pid 1] AH00045: child process 14 still did not exit, sending a SIGTERM
[Tue Jun 06 09:04:54.656871 2023] [core:warn] [pid 1] AH00045: child process 15 still did not exit, sending a SIGTERM
[Tue Jun 06 09:04:56.657947 2023] [core:warn] [pid 1] AH00045: child process 11 still did not exit, sending a SIGTERM
[Tue Jun 06 09:04:56.657966 2023] [core:warn] [pid 1] AH00045: child process 12 still did not exit, sending a SIGTERM
[Tue Jun 06 09:04:56.657969 2023] [core:warn] [pid 1] AH00045: child process 13 still did not exit, sending a SIGTERM
[Tue Jun 06 09:04:56.657971 2023] [core:warn] [pid 1] AH00045: child process 14 still did not exit, sending a SIGTERM
[Tue Jun 06 09:04:56.657974 2023] [core:warn] [pid 1] AH00045: child process 15 still did not exit, sending a SIGTERM
[Tue Jun 06 09:04:58.660023 2023] [core:warn] [pid 1] AH00045: child process 11 still did not exit, sending a SIGTERM
[Tue Jun 06 09:04:58.660080 2023] [core:warn] [pid 1] AH00045: child process 12 still did not exit, sending a SIGTERM
[Tue Jun 06 09:04:58.660089 2023] [core:warn] [pid 1] AH00045: child process 13 still did not exit, sending a SIGTERM
[Tue Jun 06 09:04:58.660097 2023] [core:warn] [pid 1] AH00045: child process 14 still did not exit, sending a SIGTERM
[Tue Jun 06 09:04:58.660151 2023] [core:warn] [pid 1] AH00045: child process 15 still did not exit, sending a SIGTERM
[Tue Jun 06 09:05:00.662349 2023] [core:error] [pid 1] AH00046: child process 11 still did not exit, sending a SIGKILL
[Tue Jun 06 09:05:00.662384 2023] [core:error] [pid 1] AH00046: child process 12 still did not exit, sending a SIGKILL
[Tue Jun 06 09:05:00.662387 2023] [core:error] [pid 1] AH00046: child process 13 still did not exit, sending a SIGKILL
[Tue Jun 06 09:05:00.662389 2023] [core:error] [pid 1] AH00046: child process 14 still did not exit, sending a SIGKILL
[Tue Jun 06 09:05:00.662392 2023] [core:error] [pid 1] AH00046: child process 15 still did not exit, sending a SIGKILL
AH00558: apache2: Could not reliably determine the server's fully qualified domain name, using 192.168.0.5. Set the 'ServerName' directive globally to suppress this message
[Tue Jun 06 09:05:02.295701 2023] [mpm_prefork:notice] [pid 1] AH00163: Apache/2.4.56 (Debian) OpenSSL/1.1.1n configured -- resuming normal operations
[Tue Jun 06 09:05:02.295856 2023] [core:notice] [pid 1] AH00094: Command line: '/usr/sbin/apache2 -D FOREGROUND'
[Tue Jun 06 09:07:44.678057 2023] [core:warn] [pid 1] AH00045: child process 11 still did not exit, sending a SIGTERM
[Tue Jun 06 09:07:44.678138 2023] [core:warn] [pid 1] AH00045: child process 12 still did not exit, sending a SIGTERM
[Tue Jun 06 09:07:44.678141 2023] [core:warn] [pid 1] AH00045: child process 13 still did not exit, sending a SIGTERM
[Tue Jun 06 09:07:44.678144 2023] [core:warn] [pid 1] AH00045: child process 14 still did not exit, sending a SIGTERM
[Tue Jun 06 09:07:44.678146 2023] [core:warn] [pid 1] AH00045: child process 15 still did not exit, sending a SIGTERM
[Tue Jun 06 09:07:46.680270 2023] [core:warn] [pid 1] AH00045: child process 11 still did not exit, sending a SIGTERM
[Tue Jun 06 09:07:46.680302 2023] [core:warn] [pid 1] AH00045: child process 12 still did not exit, sending a SIGTERM
[Tue Jun 06 09:07:46.680304 2023] [core:warn] [pid 1] AH00045: child process 13 still did not exit, sending a SIGTERM
[Tue Jun 06 09:07:46.680307 2023] [core:warn] [pid 1] AH00045: child process 14 still did not exit, sending a SIGTERM
[Tue Jun 06 09:07:46.680309 2023] [core:warn] [pid 1] AH00045: child process 15 still did not exit, sending a SIGTERM
[Tue Jun 06 09:07:48.681900 2023] [core:warn] [pid 1] AH00045: child process 11 still did not exit, sending a SIGTERM
[Tue Jun 06 09:07:48.681936 2023] [core:warn] [pid 1] AH00045: child process 12 still did not exit, sending a SIGTERM
[Tue Jun 06 09:07:48.681939 2023] [core:warn] [pid 1] AH00045: child process 13 still did not exit, sending a SIGTERM
[Tue Jun 06 09:07:48.681941 2023] [core:warn] [pid 1] AH00045: child process 14 still did not exit, sending a SIGTERM
[Tue Jun 06 09:07:48.681944 2023] [core:warn] [pid 1] AH00045: child process 15 still did not exit, sending a SIGTERM
[Tue Jun 06 09:07:50.684185 2023] [core:error] [pid 1] AH00046: child process 11 still did not exit, sending a SIGKILL
[Tue Jun 06 09:07:50.684221 2023] [core:error] [pid 1] AH00046: child process 12 still did not exit, sending a SIGKILL
[Tue Jun 06 09:07:50.684224 2023] [core:error] [pid 1] AH00046: child process 13 still did not exit, sending a SIGKILL
[Tue Jun 06 09:07:50.684226 2023] [core:error] [pid 1] AH00046: child process 14 still did not exit, sending a SIGKILL
[Tue Jun 06 09:07:50.684229 2023] [core:error] [pid 1] AH00046: child process 15 still did not exit, sending a SIGKILL
AH00558: apache2: Could not reliably determine the server's fully qualified domain name, using 172.22.0.2. Set the 'ServerName' directive globally to suppress this message
[Tue Jun 06 09:08:18.342047 2023] [mpm_prefork:notice] [pid 1] AH00163: Apache/2.4.56 (Debian) OpenSSL/1.1.1n configured -- resuming normal operations
[Tue Jun 06 09:08:18.342104 2023] [core:notice] [pid 1] AH00094: Command line: '/usr/sbin/apache2 -D FOREGROUND'
[Tue Jun 06 09:11:40.905070 2023] [core:warn] [pid 1] AH00045: child process 11 still did not exit, sending a SIGTERM
[Tue Jun 06 09:11:40.905246 2023] [core:warn] [pid 1] AH00045: child process 12 still did not exit, sending a SIGTERM
[Tue Jun 06 09:11:40.905256 2023] [core:warn] [pid 1] AH00045: child process 13 still did not exit, sending a SIGTERM
[Tue Jun 06 09:11:40.905264 2023] [core:warn] [pid 1] AH00045: child process 14 still did not exit, sending a SIGTERM
[Tue Jun 06 09:11:40.905272 2023] [core:warn] [pid 1] AH00045: child process 15 still did not exit, sending a SIGTERM
[Tue Jun 06 09:11:42.907362 2023] [core:warn] [pid 1] AH00045: child process 11 still did not exit, sending a SIGTERM
[Tue Jun 06 09:11:42.907397 2023] [core:warn] [pid 1] AH00045: child process 12 still did not exit, sending a SIGTERM
[Tue Jun 06 09:11:42.907401 2023] [core:warn] [pid 1] AH00045: child process 13 still did not exit, sending a SIGTERM
[Tue Jun 06 09:11:42.907403 2023] [core:warn] [pid 1] AH00045: child process 14 still did not exit, sending a SIGTERM
[Tue Jun 06 09:11:42.907405 2023] [core:warn] [pid 1] AH00045: child process 15 still did not exit, sending a SIGTERM
[Tue Jun 06 09:11:44.909552 2023] [core:warn] [pid 1] AH00045: child process 11 still did not exit, sending a SIGTERM
[Tue Jun 06 09:11:44.909586 2023] [core:warn] [pid 1] AH00045: child process 12 still did not exit, sending a SIGTERM
[Tue Jun 06 09:11:44.909589 2023] [core:warn] [pid 1] AH00045: child process 13 still did not exit, sending a SIGTERM
[Tue Jun 06 09:11:44.909592 2023] [core:warn] [pid 1] AH00045: child process 14 still did not exit, sending a SIGTERM
[Tue Jun 06 09:11:44.909594 2023] [core:warn] [pid 1] AH00045: child process 15 still did not exit, sending a SIGTERM
[Tue Jun 06 09:11:46.911819 2023] [core:error] [pid 1] AH00046: child process 11 still did not exit, sending a SIGKILL
[Tue Jun 06 09:11:46.911849 2023] [core:error] [pid 1] AH00046: child process 12 still did not exit, sending a SIGKILL
[Tue Jun 06 09:11:46.911852 2023] [core:error] [pid 1] AH00046: child process 13 still did not exit, sending a SIGKILL
[Tue Jun 06 09:11:46.911854 2023] [core:error] [pid 1] AH00046: child process 14 still did not exit, sending a SIGKILL
[Tue Jun 06 09:11:46.911857 2023] [core:error] [pid 1] AH00046: child process 15 still did not exit, sending a SIGKILL
AH00558: apache2: Could not reliably determine the server's fully qualified domain name, using 172.22.0.3. Set the 'ServerName' directive globally to suppress this message
[Tue Jun 06 09:11:58.293383 2023] [mpm_prefork:notice] [pid 1] AH00163: Apache/2.4.56 (Debian) OpenSSL/1.1.1n configured -- resuming normal operations
[Tue Jun 06 09:11:58.293425 2023] [core:notice] [pid 1] AH00094: Command line: '/usr/sbin/apache2 -D FOREGROUND'
[Tue Jun 06 09:12:23.470283 2023] [core:warn] [pid 1] AH00045: child process 11 still did not exit, sending a SIGTERM
[Tue Jun 06 09:12:23.470323 2023] [core:warn] [pid 1] AH00045: child process 12 still did not exit, sending a SIGTERM
[Tue Jun 06 09:12:23.470325 2023] [core:warn] [pid 1] AH00045: child process 13 still did not exit, sending a SIGTERM
[Tue Jun 06 09:12:23.470328 2023] [core:warn] [pid 1] AH00045: child process 14 still did not exit, sending a SIGTERM
[Tue Jun 06 09:12:23.470330 2023] [core:warn] [pid 1] AH00045: child process 15 still did not exit, sending a SIGTERM
[Tue Jun 06 09:12:25.471843 2023] [core:warn] [pid 1] AH00045: child process 11 still did not exit, sending a SIGTERM
[Tue Jun 06 09:12:25.473774 2023] [core:warn] [pid 1] AH00045: child process 12 still did not exit, sending a SIGTERM
[Tue Jun 06 09:12:25.473783 2023] [core:warn] [pid 1] AH00045: child process 13 still did not exit, sending a SIGTERM
[Tue Jun 06 09:12:25.473785 2023] [core:warn] [pid 1] AH00045: child process 14 still did not exit, sending a SIGTERM
[Tue Jun 06 09:12:25.473788 2023] [core:warn] [pid 1] AH00045: child process 15 still did not exit, sending a SIGTERM
[Tue Jun 06 09:12:27.475980 2023] [core:warn] [pid 1] AH00045: child process 11 still did not exit, sending a SIGTERM
[Tue Jun 06 09:12:27.476035 2023] [core:warn] [pid 1] AH00045: child process 12 still did not exit, sending a SIGTERM
[Tue Jun 06 09:12:27.476093 2023] [core:warn] [pid 1] AH00045: child process 13 still did not exit, sending a SIGTERM
[Tue Jun 06 09:12:27.476102 2023] [core:warn] [pid 1] AH00045: child process 14 still did not exit, sending a SIGTERM
[Tue Jun 06 09:12:27.476110 2023] [core:warn] [pid 1] AH00045: child process 15 still did not exit, sending a SIGTERM
[Tue Jun 06 09:12:29.478441 2023] [core:error] [pid 1] AH00046: child process 11 still did not exit, sending a SIGKILL
[Tue Jun 06 09:12:29.478473 2023] [core:error] [pid 1] AH00046: child process 12 still did not exit, sending a SIGKILL
[Tue Jun 06 09:12:29.478476 2023] [core:error] [pid 1] AH00046: child process 13 still did not exit, sending a SIGKILL
[Tue Jun 06 09:12:29.478478 2023] [core:error] [pid 1] AH00046: child process 14 still did not exit, sending a SIGKILL
[Tue Jun 06 09:12:29.478480 2023] [core:error] [pid 1] AH00046: child process 15 still did not exit, sending a SIGKILL
AH00558: apache2: Could not reliably determine the server's fully qualified domain name, using 192.168.0.3. Set the 'ServerName' directive globally to suppress this message
[Tue Jun 06 09:12:31.259476 2023] [mpm_prefork:notice] [pid 1] AH00163: Apache/2.4.56 (Debian) OpenSSL/1.1.1n configured -- resuming normal operations
[Tue Jun 06 09:12:31.259524 2023] [core:notice] [pid 1] AH00094: Command line: '/usr/sbin/apache2 -D FOREGROUND'
[Tue Jun 06 09:14:49.083227 2023] [core:warn] [pid 1] AH00045: child process 11 still did not exit, sending a SIGTERM
[Tue Jun 06 09:14:49.083267 2023] [core:warn] [pid 1] AH00045: child process 12 still did not exit, sending a SIGTERM
[Tue Jun 06 09:14:49.083270 2023] [core:warn] [pid 1] AH00045: child process 13 still did not exit, sending a SIGTERM
[Tue Jun 06 09:14:49.083273 2023] [core:warn] [pid 1] AH00045: child process 14 still did not exit, sending a SIGTERM
[Tue Jun 06 09:14:49.083275 2023] [core:warn] [pid 1] AH00045: child process 15 still did not exit, sending a SIGTERM
[Tue Jun 06 09:14:51.085349 2023] [core:warn] [pid 1] AH00045: child process 11 still did not exit, sending a SIGTERM
[Tue Jun 06 09:14:51.085378 2023] [core:warn] [pid 1] AH00045: child process 12 still did not exit, sending a SIGTERM
[Tue Jun 06 09:14:51.085381 2023] [core:warn] [pid 1] AH00045: child process 13 still did not exit, sending a SIGTERM
[Tue Jun 06 09:14:51.085383 2023] [core:warn] [pid 1] AH00045: child process 14 still did not exit, sending a SIGTERM
[Tue Jun 06 09:14:51.085386 2023] [core:warn] [pid 1] AH00045: child process 15 still did not exit, sending a SIGTERM
[Tue Jun 06 09:14:53.087500 2023] [core:warn] [pid 1] AH00045: child process 11 still did not exit, sending a SIGTERM
[Tue Jun 06 09:14:53.087558 2023] [core:warn] [pid 1] AH00045: child process 12 still did not exit, sending a SIGTERM
[Tue Jun 06 09:14:53.087560 2023] [core:warn] [pid 1] AH00045: child process 13 still did not exit, sending a SIGTERM
[Tue Jun 06 09:14:53.087563 2023] [core:warn] [pid 1] AH00045: child process 14 still did not exit, sending a SIGTERM
[Tue Jun 06 09:14:53.087565 2023] [core:warn] [pid 1] AH00045: child process 15 still did not exit, sending a SIGTERM
[Tue Jun 06 09:14:55.089763 2023] [core:error] [pid 1] AH00046: child process 11 still did not exit, sending a SIGKILL
[Tue Jun 06 09:14:55.089797 2023] [core:error] [pid 1] AH00046: child process 12 still did not exit, sending a SIGKILL
[Tue Jun 06 09:14:55.089799 2023] [core:error] [pid 1] AH00046: child process 13 still did not exit, sending a SIGKILL
[Tue Jun 06 09:14:55.089802 2023] [core:error] [pid 1] AH00046: child process 14 still did not exit, sending a SIGKILL
[Tue Jun 06 09:14:55.089804 2023] [core:error] [pid 1] AH00046: child process 15 still did not exit, sending a SIGKILL
AH00558: apache2: Could not reliably determine the server's fully qualified domain name, using 172.19.0.2. Set the 'ServerName' directive globally to suppress this message
[Tue Jun 06 09:15:09.764025 2023] [mpm_prefork:notice] [pid 1] AH00163: Apache/2.4.56 (Debian) OpenSSL/1.1.1n configured -- resuming normal operations
[Tue Jun 06 09:15:09.764091 2023] [core:notice] [pid 1] AH00094: Command line: '/usr/sbin/apache2 -D FOREGROUND'
[Tue Jun 06 09:21:38.736733 2023] [core:warn] [pid 1] AH00045: child process 11 still did not exit, sending a SIGTERM
[Tue Jun 06 09:21:38.736790 2023] [core:warn] [pid 1] AH00045: child process 12 still did not exit, sending a SIGTERM
[Tue Jun 06 09:21:38.736793 2023] [core:warn] [pid 1] AH00045: child process 13 still did not exit, sending a SIGTERM
[Tue Jun 06 09:21:38.736795 2023] [core:warn] [pid 1] AH00045: child process 14 still did not exit, sending a SIGTERM
[Tue Jun 06 09:21:38.736798 2023] [core:warn] [pid 1] AH00045: child process 15 still did not exit, sending a SIGTERM
[Tue Jun 06 09:21:40.739075 2023] [core:warn] [pid 1] AH00045: child process 11 still did not exit, sending a SIGTERM
[Tue Jun 06 09:21:40.739122 2023] [core:warn] [pid 1] AH00045: child process 12 still did not exit, sending a SIGTERM
[Tue Jun 06 09:21:40.739125 2023] [core:warn] [pid 1] AH00045: child process 13 still did not exit, sending a SIGTERM
[Tue Jun 06 09:21:40.739127 2023] [core:warn] [pid 1] AH00045: child process 14 still did not exit, sending a SIGTERM
[Tue Jun 06 09:21:40.739130 2023] [core:warn] [pid 1] AH00045: child process 15 still did not exit, sending a SIGTERM
[Tue Jun 06 09:21:42.741203 2023] [core:warn] [pid 1] AH00045: child process 11 still did not exit, sending a SIGTERM
[Tue Jun 06 09:21:42.741251 2023] [core:warn] [pid 1] AH00045: child process 12 still did not exit, sending a SIGTERM
[Tue Jun 06 09:21:42.741254 2023] [core:warn] [pid 1] AH00045: child process 13 still did not exit, sending a SIGTERM
[Tue Jun 06 09:21:42.741256 2023] [core:warn] [pid 1] AH00045: child process 14 still did not exit, sending a SIGTERM
[Tue Jun 06 09:21:42.741259 2023] [core:warn] [pid 1] AH00045: child process 15 still did not exit, sending a SIGTERM
[Tue Jun 06 09:21:44.743341 2023] [core:error] [pid 1] AH00046: child process 11 still did not exit, sending a SIGKILL
[Tue Jun 06 09:21:44.743374 2023] [core:error] [pid 1] AH00046: child process 12 still did not exit, sending a SIGKILL
[Tue Jun 06 09:21:44.743377 2023] [core:error] [pid 1] AH00046: child process 13 still did not exit, sending a SIGKILL
[Tue Jun 06 09:21:44.743379 2023] [core:error] [pid 1] AH00046: child process 14 still did not exit, sending a SIGKILL
[Tue Jun 06 09:21:44.743381 2023] [core:error] [pid 1] AH00046: child process 15 still did not exit, sending a SIGKILL
AH00558: apache2: Could not reliably determine the server's fully qualified domain name, using 172.19.0.3. Set the 'ServerName' directive globally to suppress this message
[Tue Jun 06 09:21:59.437734 2023] [mpm_prefork:notice] [pid 1] AH00163: Apache/2.4.56 (Debian) OpenSSL/1.1.1n configured -- resuming normal operations
[Tue Jun 06 09:21:59.437777 2023] [core:notice] [pid 1] AH00094: Command line: '/usr/sbin/apache2 -D FOREGROUND'
[Tue Jun 06 09:24:14.323863 2023] [core:warn] [pid 1] AH00045: child process 11 still did not exit, sending a SIGTERM
[Tue Jun 06 09:24:14.323940 2023] [core:warn] [pid 1] AH00045: child process 12 still did not exit, sending a SIGTERM
[Tue Jun 06 09:24:14.323943 2023] [core:warn] [pid 1] AH00045: child process 13 still did not exit, sending a SIGTERM
[Tue Jun 06 09:24:14.323945 2023] [core:warn] [pid 1] AH00045: child process 14 still did not exit, sending a SIGTERM
[Tue Jun 06 09:24:14.323948 2023] [core:warn] [pid 1] AH00045: child process 15 still did not exit, sending a SIGTERM
[Tue Jun 06 09:24:16.326023 2023] [core:warn] [pid 1] AH00045: child process 11 still did not exit, sending a SIGTERM
[Tue Jun 06 09:24:16.326055 2023] [core:warn] [pid 1] AH00045: child process 12 still did not exit, sending a SIGTERM
[Tue Jun 06 09:24:16.326057 2023] [core:warn] [pid 1] AH00045: child process 13 still did not exit, sending a SIGTERM
[Tue Jun 06 09:24:16.326060 2023] [core:warn] [pid 1] AH00045: child process 14 still did not exit, sending a SIGTERM
[Tue Jun 06 09:24:16.326062 2023] [core:warn] [pid 1] AH00045: child process 15 still did not exit, sending a SIGTERM
[Tue Jun 06 09:24:18.328183 2023] [core:warn] [pid 1] AH00045: child process 11 still did not exit, sending a SIGTERM
[Tue Jun 06 09:24:18.328232 2023] [core:warn] [pid 1] AH00045: child process 12 still did not exit, sending a SIGTERM
[Tue Jun 06 09:24:18.328235 2023] [core:warn] [pid 1] AH00045: child process 13 still did not exit, sending a SIGTERM
[Tue Jun 06 09:24:18.328237 2023] [core:warn] [pid 1] AH00045: child process 14 still did not exit, sending a SIGTERM
[Tue Jun 06 09:24:18.328240 2023] [core:warn] [pid 1] AH00045: child process 15 still did not exit, sending a SIGTERM
[Tue Jun 06 09:24:20.330393 2023] [core:error] [pid 1] AH00046: child process 11 still did not exit, sending a SIGKILL
[Tue Jun 06 09:24:20.330427 2023] [core:error] [pid 1] AH00046: child process 12 still did not exit, sending a SIGKILL
[Tue Jun 06 09:24:20.330430 2023] [core:error] [pid 1] AH00046: child process 13 still did not exit, sending a SIGKILL
[Tue Jun 06 09:24:20.330432 2023] [core:error] [pid 1] AH00046: child process 14 still did not exit, sending a SIGKILL
[Tue Jun 06 09:24:20.330435 2023] [core:error] [pid 1] AH00046: child process 15 still did not exit, sending a SIGKILL
AH00558: apache2: Could not reliably determine the server's fully qualified domain name, using 172.19.0.3. Set the 'ServerName' directive globally to suppress this message
[Tue Jun 06 09:24:35.274840 2023] [mpm_prefork:notice] [pid 1] AH00163: Apache/2.4.56 (Debian) OpenSSL/1.1.1n configured -- resuming normal operations
[Tue Jun 06 09:24:35.274885 2023] [core:notice] [pid 1] AH00094: Command line: '/usr/sbin/apache2 -D FOREGROUND'
[Tue Jun 06 09:27:13.962742 2023] [core:warn] [pid 1] AH00045: child process 11 still did not exit, sending a SIGTERM
[Tue Jun 06 09:27:13.962792 2023] [core:warn] [pid 1] AH00045: child process 12 still did not exit, sending a SIGTERM
[Tue Jun 06 09:27:13.962795 2023] [core:warn] [pid 1] AH00045: child process 13 still did not exit, sending a SIGTERM
[Tue Jun 06 09:27:13.962798 2023] [core:warn] [pid 1] AH00045: child process 14 still did not exit, sending a SIGTERM
[Tue Jun 06 09:27:13.962800 2023] [core:warn] [pid 1] AH00045: child process 15 still did not exit, sending a SIGTERM
[Tue Jun 06 09:27:13.962803 2023] [core:warn] [pid 1] AH00045: child process 16 still did not exit, sending a SIGTERM
[Tue Jun 06 09:27:15.964920 2023] [core:warn] [pid 1] AH00045: child process 11 still did not exit, sending a SIGTERM
[Tue Jun 06 09:27:15.964952 2023] [core:warn] [pid 1] AH00045: child process 12 still did not exit, sending a SIGTERM
[Tue Jun 06 09:27:15.964955 2023] [core:warn] [pid 1] AH00045: child process 13 still did not exit, sending a SIGTERM
[Tue Jun 06 09:27:15.964957 2023] [core:warn] [pid 1] AH00045: child process 14 still did not exit, sending a SIGTERM
[Tue Jun 06 09:27:15.964960 2023] [core:warn] [pid 1] AH00045: child process 15 still did not exit, sending a SIGTERM
[Tue Jun 06 09:27:15.964962 2023] [core:warn] [pid 1] AH00045: child process 16 still did not exit, sending a SIGTERM
[Tue Jun 06 09:27:17.967054 2023] [core:warn] [pid 1] AH00045: child process 11 still did not exit, sending a SIGTERM
[Tue Jun 06 09:27:17.967086 2023] [core:warn] [pid 1] AH00045: child process 12 still did not exit, sending a SIGTERM
[Tue Jun 06 09:27:17.967089 2023] [core:warn] [pid 1] AH00045: child process 13 still did not exit, sending a SIGTERM
[Tue Jun 06 09:27:17.967091 2023] [core:warn] [pid 1] AH00045: child process 14 still did not exit, sending a SIGTERM
[Tue Jun 06 09:27:17.967094 2023] [core:warn] [pid 1] AH00045: child process 15 still did not exit, sending a SIGTERM
[Tue Jun 06 09:27:17.967096 2023] [core:warn] [pid 1] AH00045: child process 16 still did not exit, sending a SIGTERM
[Tue Jun 06 09:27:19.968790 2023] [core:error] [pid 1] AH00046: child process 11 still did not exit, sending a SIGKILL
[Tue Jun 06 09:27:19.968834 2023] [core:error] [pid 1] AH00046: child process 12 still did not exit, sending a SIGKILL
[Tue Jun 06 09:27:19.968836 2023] [core:error] [pid 1] AH00046: child process 13 still did not exit, sending a SIGKILL
[Tue Jun 06 09:27:19.968852 2023] [core:error] [pid 1] AH00046: child process 14 still did not exit, sending a SIGKILL
[Tue Jun 06 09:27:19.968856 2023] [core:error] [pid 1] AH00046: child process 15 still did not exit, sending a SIGKILL
[Tue Jun 06 09:27:19.968859 2023] [core:error] [pid 1] AH00046: child process 16 still did not exit, sending a SIGKILL
AH00558: apache2: Could not reliably determine the server's fully qualified domain name, using 172.19.0.3. Set the 'ServerName' directive globally to suppress this message
[Tue Jun 06 09:27:37.621429 2023] [mpm_prefork:notice] [pid 1] AH00163: Apache/2.4.56 (Debian) OpenSSL/1.1.1n configured -- resuming normal operations
[Tue Jun 06 09:27:37.621473 2023] [core:notice] [pid 1] AH00094: Command line: '/usr/sbin/apache2 -D FOREGROUND'
[Tue Jun 06 10:53:10.107832 2023] [core:warn] [pid 1] AH00045: child process 12 still did not exit, sending a SIGTERM
[Tue Jun 06 10:53:10.108164 2023] [core:warn] [pid 1] AH00045: child process 13 still did not exit, sending a SIGTERM
[Tue Jun 06 10:53:10.108174 2023] [core:warn] [pid 1] AH00045: child process 14 still did not exit, sending a SIGTERM
[Tue Jun 06 10:53:10.108182 2023] [core:warn] [pid 1] AH00045: child process 15 still did not exit, sending a SIGTERM
[Tue Jun 06 10:53:10.108190 2023] [core:warn] [pid 1] AH00045: child process 16 still did not exit, sending a SIGTERM
[Tue Jun 06 10:53:12.110458 2023] [core:warn] [pid 1] AH00045: child process 12 still did not exit, sending a SIGTERM
[Tue Jun 06 10:53:12.110494 2023] [core:warn] [pid 1] AH00045: child process 13 still did not exit, sending a SIGTERM
[Tue Jun 06 10:53:12.110496 2023] [core:warn] [pid 1] AH00045: child process 14 still did not exit, sending a SIGTERM
[Tue Jun 06 10:53:12.110510 2023] [core:warn] [pid 1] AH00045: child process 15 still did not exit, sending a SIGTERM
[Tue Jun 06 10:53:12.110514 2023] [core:warn] [pid 1] AH00045: child process 16 still did not exit, sending a SIGTERM
[Tue Jun 06 10:53:14.111919 2023] [core:warn] [pid 1] AH00045: child process 12 still did not exit, sending a SIGTERM
[Tue Jun 06 10:53:14.111980 2023] [core:warn] [pid 1] AH00045: child process 13 still did not exit, sending a SIGTERM
[Tue Jun 06 10:53:14.111989 2023] [core:warn] [pid 1] AH00045: child process 14 still did not exit, sending a SIGTERM
[Tue Jun 06 10:53:14.111997 2023] [core:warn] [pid 1] AH00045: child process 15 still did not exit, sending a SIGTERM
[Tue Jun 06 10:53:14.112005 2023] [core:warn] [pid 1] AH00045: child process 16 still did not exit, sending a SIGTERM
[Tue Jun 06 10:53:16.114099 2023] [core:error] [pid 1] AH00046: child process 12 still did not exit, sending a SIGKILL
[Tue Jun 06 10:53:16.114152 2023] [core:error] [pid 1] AH00046: child process 13 still did not exit, sending a SIGKILL
[Tue Jun 06 10:53:16.114155 2023] [core:error] [pid 1] AH00046: child process 14 still did not exit, sending a SIGKILL
[Tue Jun 06 10:53:16.114158 2023] [core:error] [pid 1] AH00046: child process 15 still did not exit, sending a SIGKILL
[Tue Jun 06 10:53:16.114160 2023] [core:error] [pid 1] AH00046: child process 16 still did not exit, sending a SIGKILL
AH00558: apache2: Could not reliably determine the server's fully qualified domain name, using 172.19.0.3. Set the 'ServerName' directive globally to suppress this message
[Tue Jun 06 10:53:29.603550 2023] [mpm_prefork:notice] [pid 1] AH00163: Apache/2.4.56 (Debian) OpenSSL/1.1.1n configured -- resuming normal operations
[Tue Jun 06 10:53:29.603599 2023] [core:notice] [pid 1] AH00094: Command line: '/usr/sbin/apache2 -D FOREGROUND'
[Tue Jun 06 10:56:06.051403 2023] [core:warn] [pid 1] AH00045: child process 11 still did not exit, sending a SIGTERM
[Tue Jun 06 10:56:06.051474 2023] [core:warn] [pid 1] AH00045: child process 12 still did not exit, sending a SIGTERM
[Tue Jun 06 10:56:06.051476 2023] [core:warn] [pid 1] AH00045: child process 13 still did not exit, sending a SIGTERM
[Tue Jun 06 10:56:06.051478 2023] [core:warn] [pid 1] AH00045: child process 14 still did not exit, sending a SIGTERM
[Tue Jun 06 10:56:06.051493 2023] [core:warn] [pid 1] AH00045: child process 15 still did not exit, sending a SIGTERM
[Tue Jun 06 10:56:08.053631 2023] [core:warn] [pid 1] AH00045: child process 11 still did not exit, sending a SIGTERM
[Tue Jun 06 10:56:08.053666 2023] [core:warn] [pid 1] AH00045: child process 12 still did not exit, sending a SIGTERM
[Tue Jun 06 10:56:08.053670 2023] [core:warn] [pid 1] AH00045: child process 13 still did not exit, sending a SIGTERM
[Tue Jun 06 10:56:08.053673 2023] [core:warn] [pid 1] AH00045: child process 14 still did not exit, sending a SIGTERM
[Tue Jun 06 10:56:08.053675 2023] [core:warn] [pid 1] AH00045: child process 15 still did not exit, sending a SIGTERM
[Tue Jun 06 10:56:10.055749 2023] [core:warn] [pid 1] AH00045: child process 11 still did not exit, sending a SIGTERM
[Tue Jun 06 10:56:10.055784 2023] [core:warn] [pid 1] AH00045: child process 12 still did not exit, sending a SIGTERM
[Tue Jun 06 10:56:10.055787 2023] [core:warn] [pid 1] AH00045: child process 13 still did not exit, sending a SIGTERM
[Tue Jun 06 10:56:10.055790 2023] [core:warn] [pid 1] AH00045: child process 14 still did not exit, sending a SIGTERM
[Tue Jun 06 10:56:10.055792 2023] [core:warn] [pid 1] AH00045: child process 15 still did not exit, sending a SIGTERM
[Tue Jun 06 10:56:12.057906 2023] [core:error] [pid 1] AH00046: child process 11 still did not exit, sending a SIGKILL
[Tue Jun 06 10:56:12.057940 2023] [core:error] [pid 1] AH00046: child process 12 still did not exit, sending a SIGKILL
[Tue Jun 06 10:56:12.057943 2023] [core:error] [pid 1] AH00046: child process 13 still did not exit, sending a SIGKILL
[Tue Jun 06 10:56:12.057946 2023] [core:error] [pid 1] AH00046: child process 14 still did not exit, sending a SIGKILL
[Tue Jun 06 10:56:12.057948 2023] [core:error] [pid 1] AH00046: child process 15 still did not exit, sending a SIGKILL
AH00558: apache2: Could not reliably determine the server's fully qualified domain name, using 172.19.0.2. Set the 'ServerName' directive globally to suppress this message
[Tue Jun 06 10:57:45.120898 2023] [mpm_prefork:notice] [pid 1] AH00163: Apache/2.4.56 (Debian) OpenSSL/1.1.1n configured -- resuming normal operations
[Tue Jun 06 10:57:45.120942 2023] [core:notice] [pid 1] AH00094: Command line: '/usr/sbin/apache2 -D FOREGROUND'
[Tue Jun 06 11:25:59.669179 2023] [core:warn] [pid 1] AH00045: child process 11 still did not exit, sending a SIGTERM
[Tue Jun 06 11:25:59.669281 2023] [core:warn] [pid 1] AH00045: child process 12 still did not exit, sending a SIGTERM
[Tue Jun 06 11:25:59.669284 2023] [core:warn] [pid 1] AH00045: child process 13 still did not exit, sending a SIGTERM
[Tue Jun 06 11:25:59.669286 2023] [core:warn] [pid 1] AH00045: child process 14 still did not exit, sending a SIGTERM
[Tue Jun 06 11:25:59.669288 2023] [core:warn] [pid 1] AH00045: child process 15 still did not exit, sending a SIGTERM
[Tue Jun 06 11:26:01.671407 2023] [core:warn] [pid 1] AH00045: child process 11 still did not exit, sending a SIGTERM
[Tue Jun 06 11:26:01.671444 2023] [core:warn] [pid 1] AH00045: child process 12 still did not exit, sending a SIGTERM
[Tue Jun 06 11:26:01.671448 2023] [core:warn] [pid 1] AH00045: child process 13 still did not exit, sending a SIGTERM
[Tue Jun 06 11:26:01.671451 2023] [core:warn] [pid 1] AH00045: child process 14 still did not exit, sending a SIGTERM
[Tue Jun 06 11:26:01.671453 2023] [core:warn] [pid 1] AH00045: child process 15 still did not exit, sending a SIGTERM
[Tue Jun 06 11:26:03.673708 2023] [core:warn] [pid 1] AH00045: child process 11 still did not exit, sending a SIGTERM
[Tue Jun 06 11:26:03.673745 2023] [core:warn] [pid 1] AH00045: child process 12 still did not exit, sending a SIGTERM
[Tue Jun 06 11:26:03.673747 2023] [core:warn] [pid 1] AH00045: child process 13 still did not exit, sending a SIGTERM
[Tue Jun 06 11:26:03.673750 2023] [core:warn] [pid 1] AH00045: child process 14 still did not exit, sending a SIGTERM
[Tue Jun 06 11:26:03.673752 2023] [core:warn] [pid 1] AH00045: child process 15 still did not exit, sending a SIGTERM
[Tue Jun 06 11:26:05.675750 2023] [core:error] [pid 1] AH00046: child process 11 still did not exit, sending a SIGKILL
[Tue Jun 06 11:26:05.675798 2023] [core:error] [pid 1] AH00046: child process 12 still did not exit, sending a SIGKILL
[Tue Jun 06 11:26:05.675802 2023] [core:error] [pid 1] AH00046: child process 13 still did not exit, sending a SIGKILL
[Tue Jun 06 11:26:05.675805 2023] [core:error] [pid 1] AH00046: child process 14 still did not exit, sending a SIGKILL
[Tue Jun 06 11:26:05.675808 2023] [core:error] [pid 1] AH00046: child process 15 still did not exit, sending a SIGKILL
AH00558: apache2: Could not reliably determine the server's fully qualified domain name, using 172.19.0.3. Set the 'ServerName' directive globally to suppress this message
[Tue Jun 06 11:26:17.782227 2023] [mpm_prefork:notice] [pid 1] AH00163: Apache/2.4.56 (Debian) OpenSSL/1.1.1n configured -- resuming normal operations
[Tue Jun 06 11:26:17.782269 2023] [core:notice] [pid 1] AH00094: Command line: '/usr/sbin/apache2 -D FOREGROUND'
[Tue Jun 06 11:29:45.522891 2023] [core:warn] [pid 1] AH00045: child process 11 still did not exit, sending a SIGTERM
[Tue Jun 06 11:29:45.522982 2023] [core:warn] [pid 1] AH00045: child process 12 still did not exit, sending a SIGTERM
[Tue Jun 06 11:29:45.522985 2023] [core:warn] [pid 1] AH00045: child process 13 still did not exit, sending a SIGTERM
[Tue Jun 06 11:29:45.522988 2023] [core:warn] [pid 1] AH00045: child process 14 still did not exit, sending a SIGTERM
[Tue Jun 06 11:29:45.522990 2023] [core:warn] [pid 1] AH00045: child process 15 still did not exit, sending a SIGTERM
[Tue Jun 06 11:29:47.524805 2023] [core:warn] [pid 1] AH00045: child process 11 still did not exit, sending a SIGTERM
[Tue Jun 06 11:29:47.524839 2023] [core:warn] [pid 1] AH00045: child process 12 still did not exit, sending a SIGTERM
[Tue Jun 06 11:29:47.524841 2023] [core:warn] [pid 1] AH00045: child process 13 still did not exit, sending a SIGTERM
[Tue Jun 06 11:29:47.524844 2023] [core:warn] [pid 1] AH00045: child process 14 still did not exit, sending a SIGTERM
[Tue Jun 06 11:29:47.524846 2023] [core:warn] [pid 1] AH00045: child process 15 still did not exit, sending a SIGTERM
[Tue Jun 06 11:29:49.527018 2023] [core:warn] [pid 1] AH00045: child process 11 still did not exit, sending a SIGTERM
[Tue Jun 06 11:29:49.527050 2023] [core:warn] [pid 1] AH00045: child process 12 still did not exit, sending a SIGTERM
[Tue Jun 06 11:29:49.527053 2023] [core:warn] [pid 1] AH00045: child process 13 still did not exit, sending a SIGTERM
[Tue Jun 06 11:29:49.527055 2023] [core:warn] [pid 1] AH00045: child process 14 still did not exit, sending a SIGTERM
[Tue Jun 06 11:29:49.527057 2023] [core:warn] [pid 1] AH00045: child process 15 still did not exit, sending a SIGTERM
[Tue Jun 06 11:29:51.529144 2023] [core:error] [pid 1] AH00046: child process 11 still did not exit, sending a SIGKILL
[Tue Jun 06 11:29:51.529173 2023] [core:error] [pid 1] AH00046: child process 12 still did not exit, sending a SIGKILL
[Tue Jun 06 11:29:51.529176 2023] [core:error] [pid 1] AH00046: child process 13 still did not exit, sending a SIGKILL
[Tue Jun 06 11:29:51.529178 2023] [core:error] [pid 1] AH00046: child process 14 still did not exit, sending a SIGKILL
[Tue Jun 06 11:29:51.529181 2023] [core:error] [pid 1] AH00046: child process 15 still did not exit, sending a SIGKILL
AH00558: apache2: Could not reliably determine the server's fully qualified domain name, using 172.19.0.2. Set the 'ServerName' directive globally to suppress this message
[Tue Jun 06 11:30:09.091578 2023] [mpm_prefork:notice] [pid 1] AH00163: Apache/2.4.56 (Debian) OpenSSL/1.1.1n configured -- resuming normal operations
[Tue Jun 06 11:30:09.091620 2023] [core:notice] [pid 1] AH00094: Command line: '/usr/sbin/apache2 -D FOREGROUND'
[Tue Jun 06 11:34:36.798974 2023] [core:warn] [pid 1] AH00045: child process 11 still did not exit, sending a SIGTERM
[Tue Jun 06 11:34:36.799036 2023] [core:warn] [pid 1] AH00045: child process 12 still did not exit, sending a SIGTERM
[Tue Jun 06 11:34:36.799039 2023] [core:warn] [pid 1] AH00045: child process 13 still did not exit, sending a SIGTERM
[Tue Jun 06 11:34:36.799053 2023] [core:warn] [pid 1] AH00045: child process 14 still did not exit, sending a SIGTERM
[Tue Jun 06 11:34:36.799056 2023] [core:warn] [pid 1] AH00045: child process 15 still did not exit, sending a SIGTERM
[Tue Jun 06 11:34:38.801159 2023] [core:warn] [pid 1] AH00045: child process 11 still did not exit, sending a SIGTERM
[Tue Jun 06 11:34:38.801194 2023] [core:warn] [pid 1] AH00045: child process 12 still did not exit, sending a SIGTERM
[Tue Jun 06 11:34:38.801197 2023] [core:warn] [pid 1] AH00045: child process 13 still did not exit, sending a SIGTERM
[Tue Jun 06 11:34:38.801199 2023] [core:warn] [pid 1] AH00045: child process 14 still did not exit, sending a SIGTERM
[Tue Jun 06 11:34:38.801201 2023] [core:warn] [pid 1] AH00045: child process 15 still did not exit, sending a SIGTERM
[Tue Jun 06 11:34:40.803382 2023] [core:warn] [pid 1] AH00045: child process 11 still did not exit, sending a SIGTERM
[Tue Jun 06 11:34:40.803448 2023] [core:warn] [pid 1] AH00045: child process 12 still did not exit, sending a SIGTERM
[Tue Jun 06 11:34:40.803457 2023] [core:warn] [pid 1] AH00045: child process 13 still did not exit, sending a SIGTERM
[Tue Jun 06 11:34:40.803465 2023] [core:warn] [pid 1] AH00045: child process 14 still did not exit, sending a SIGTERM
[Tue Jun 06 11:34:40.803473 2023] [core:warn] [pid 1] AH00045: child process 15 still did not exit, sending a SIGTERM
[Tue Jun 06 11:34:42.805654 2023] [core:error] [pid 1] AH00046: child process 11 still did not exit, sending a SIGKILL
[Tue Jun 06 11:34:42.805735 2023] [core:error] [pid 1] AH00046: child process 12 still did not exit, sending a SIGKILL
[Tue Jun 06 11:34:42.805744 2023] [core:error] [pid 1] AH00046: child process 13 still did not exit, sending a SIGKILL
[Tue Jun 06 11:34:42.805752 2023] [core:error] [pid 1] AH00046: child process 14 still did not exit, sending a SIGKILL
[Tue Jun 06 11:34:42.805760 2023] [core:error] [pid 1] AH00046: child process 15 still did not exit, sending a SIGKILL
AH00558: apache2: Could not reliably determine the server's fully qualified domain name, using 172.19.0.2. Set the 'ServerName' directive globally to suppress this message
[Tue Jun 06 11:35:09.685430 2023] [mpm_prefork:notice] [pid 1] AH00163: Apache/2.4.56 (Debian) OpenSSL/1.1.1n configured -- resuming normal operations
[Tue Jun 06 11:35:09.685536 2023] [core:notice] [pid 1] AH00094: Command line: '/usr/sbin/apache2 -D FOREGROUND'
[Tue Jun 06 11:39:04.836199 2023] [core:warn] [pid 1] AH00045: child process 10 still did not exit, sending a SIGTERM
[Tue Jun 06 11:39:04.836276 2023] [core:warn] [pid 1] AH00045: child process 11 still did not exit, sending a SIGTERM
[Tue Jun 06 11:39:04.836280 2023] [core:warn] [pid 1] AH00045: child process 12 still did not exit, sending a SIGTERM
[Tue Jun 06 11:39:04.836282 2023] [core:warn] [pid 1] AH00045: child process 13 still did not exit, sending a SIGTERM
[Tue Jun 06 11:39:04.836284 2023] [core:warn] [pid 1] AH00045: child process 14 still did not exit, sending a SIGTERM
[Tue Jun 06 11:39:06.838758 2023] [core:warn] [pid 1] AH00045: child process 10 still did not exit, sending a SIGTERM
[Tue Jun 06 11:39:06.838814 2023] [core:warn] [pid 1] AH00045: child process 11 still did not exit, sending a SIGTERM
[Tue Jun 06 11:39:06.838824 2023] [core:warn] [pid 1] AH00045: child process 12 still did not exit, sending a SIGTERM
[Tue Jun 06 11:39:06.838832 2023] [core:warn] [pid 1] AH00045: child process 13 still did not exit, sending a SIGTERM
[Tue Jun 06 11:39:06.838840 2023] [core:warn] [pid 1] AH00045: child process 14 still did not exit, sending a SIGTERM
[Tue Jun 06 11:39:08.841116 2023] [core:warn] [pid 1] AH00045: child process 10 still did not exit, sending a SIGTERM
[Tue Jun 06 11:39:08.841150 2023] [core:warn] [pid 1] AH00045: child process 11 still did not exit, sending a SIGTERM
[Tue Jun 06 11:39:08.841152 2023] [core:warn] [pid 1] AH00045: child process 12 still did not exit, sending a SIGTERM
[Tue Jun 06 11:39:08.841177 2023] [core:warn] [pid 1] AH00045: child process 13 still did not exit, sending a SIGTERM
[Tue Jun 06 11:39:08.841180 2023] [core:warn] [pid 1] AH00045: child process 14 still did not exit, sending a SIGTERM
[Tue Jun 06 11:39:10.843274 2023] [core:error] [pid 1] AH00046: child process 10 still did not exit, sending a SIGKILL
[Tue Jun 06 11:39:10.843316 2023] [core:error] [pid 1] AH00046: child process 11 still did not exit, sending a SIGKILL
[Tue Jun 06 11:39:10.843318 2023] [core:error] [pid 1] AH00046: child process 12 still did not exit, sending a SIGKILL
[Tue Jun 06 11:39:10.843320 2023] [core:error] [pid 1] AH00046: child process 13 still did not exit, sending a SIGKILL
[Tue Jun 06 11:39:10.843323 2023] [core:error] [pid 1] AH00046: child process 14 still did not exit, sending a SIGKILL
AH00558: apache2: Could not reliably determine the server's fully qualified domain name, using 172.19.0.3. Set the 'ServerName' directive globally to suppress this message
[Tue Jun 06 11:40:30.501654 2023] [mpm_prefork:notice] [pid 1] AH00163: Apache/2.4.56 (Debian) OpenSSL/1.1.1n configured -- resuming normal operations
[Tue Jun 06 11:40:30.501711 2023] [core:notice] [pid 1] AH00094: Command line: '/usr/sbin/apache2 -D FOREGROUND'
[Wed Jun 14 08:22:31.369912 2023] [core:warn] [pid 1] AH00045: child process 11 still did not exit, sending a SIGTERM
[Wed Jun 14 08:22:31.370045 2023] [core:warn] [pid 1] AH00045: child process 12 still did not exit, sending a SIGTERM
[Wed Jun 14 08:22:31.370048 2023] [core:warn] [pid 1] AH00045: child process 13 still did not exit, sending a SIGTERM
[Wed Jun 14 08:22:31.370050 2023] [core:warn] [pid 1] AH00045: child process 14 still did not exit, sending a SIGTERM
[Wed Jun 14 08:22:31.370052 2023] [core:warn] [pid 1] AH00045: child process 15 still did not exit, sending a SIGTERM
[Wed Jun 14 08:22:31.370055 2023] [core:warn] [pid 1] AH00045: child process 18 still did not exit, sending a SIGTERM
[Wed Jun 14 08:22:31.370058 2023] [core:warn] [pid 1] AH00045: child process 21 still did not exit, sending a SIGTERM
[Wed Jun 14 08:22:31.370060 2023] [core:warn] [pid 1] AH00045: child process 22 still did not exit, sending a SIGTERM
[Wed Jun 14 08:22:33.372316 2023] [core:warn] [pid 1] AH00045: child process 11 still did not exit, sending a SIGTERM
[Wed Jun 14 08:22:33.372347 2023] [core:warn] [pid 1] AH00045: child process 12 still did not exit, sending a SIGTERM
[Wed Jun 14 08:22:33.372350 2023] [core:warn] [pid 1] AH00045: child process 13 still did not exit, sending a SIGTERM
[Wed Jun 14 08:22:33.372353 2023] [core:warn] [pid 1] AH00045: child process 14 still did not exit, sending a SIGTERM
[Wed Jun 14 08:22:33.372355 2023] [core:warn] [pid 1] AH00045: child process 15 still did not exit, sending a SIGTERM
[Wed Jun 14 08:22:33.372358 2023] [core:warn] [pid 1] AH00045: child process 18 still did not exit, sending a SIGTERM
[Wed Jun 14 08:22:33.372360 2023] [core:warn] [pid 1] AH00045: child process 21 still did not exit, sending a SIGTERM
[Wed Jun 14 08:22:33.372362 2023] [core:warn] [pid 1] AH00045: child process 22 still did not exit, sending a SIGTERM
[Wed Jun 14 08:22:35.374462 2023] [core:warn] [pid 1] AH00045: child process 11 still did not exit, sending a SIGTERM
[Wed Jun 14 08:22:35.374552 2023] [core:warn] [pid 1] AH00045: child process 12 still did not exit, sending a SIGTERM
[Wed Jun 14 08:22:35.374560 2023] [core:warn] [pid 1] AH00045: child process 13 still did not exit, sending a SIGTERM
[Wed Jun 14 08:22:35.374563 2023] [core:warn] [pid 1] AH00045: child process 14 still did not exit, sending a SIGTERM
[Wed Jun 14 08:22:35.374565 2023] [core:warn] [pid 1] AH00045: child process 15 still did not exit, sending a SIGTERM
[Wed Jun 14 08:22:35.374568 2023] [core:warn] [pid 1] AH00045: child process 18 still did not exit, sending a SIGTERM
[Wed Jun 14 08:22:35.374570 2023] [core:warn] [pid 1] AH00045: child process 21 still did not exit, sending a SIGTERM
[Wed Jun 14 08:22:35.374573 2023] [core:warn] [pid 1] AH00045: child process 22 still did not exit, sending a SIGTERM
[Wed Jun 14 08:22:37.376677 2023] [core:error] [pid 1] AH00046: child process 11 still did not exit, sending a SIGKILL
[Wed Jun 14 08:22:37.376710 2023] [core:error] [pid 1] AH00046: child process 12 still did not exit, sending a SIGKILL
[Wed Jun 14 08:22:37.376712 2023] [core:error] [pid 1] AH00046: child process 13 still did not exit, sending a SIGKILL
[Wed Jun 14 08:22:37.376715 2023] [core:error] [pid 1] AH00046: child process 14 still did not exit, sending a SIGKILL
[Wed Jun 14 08:22:37.376717 2023] [core:error] [pid 1] AH00046: child process 15 still did not exit, sending a SIGKILL
[Wed Jun 14 08:22:37.376720 2023] [core:error] [pid 1] AH00046: child process 18 still did not exit, sending a SIGKILL
[Wed Jun 14 08:22:37.376722 2023] [core:error] [pid 1] AH00046: child process 21 still did not exit, sending a SIGKILL
[Wed Jun 14 08:22:37.376724 2023] [core:error] [pid 1] AH00046: child process 22 still did not exit, sending a SIGKILL
AH00558: apache2: Could not reliably determine the server's fully qualified domain name, using 192.168.0.3. Set the 'ServerName' directive globally to suppress this message
[Wed Jun 14 08:28:13.492238 2023] [mpm_prefork:notice] [pid 1] AH00163: Apache/2.4.56 (Debian) OpenSSL/1.1.1n configured -- resuming normal operations
[Wed Jun 14 08:28:13.492290 2023] [core:notice] [pid 1] AH00094: Command line: '/usr/sbin/apache2 -D FOREGROUND'
